<?xml version="1.0" encoding="UTF-8"?>
<!-- Generated by org.testng.reporters.JUnitReportReporter -->
<testsuite hostname="DESKTOP-LG32M8N" name="com.amplify.testcases.VerifyPurchaseProcess" tests="1" failures="0" timestamp="6 Sep 2020 17:53:28 GMT" time="76.395" errors="0">
  <testcase name="toverifyPurchaseProduct" time="76.395" classname="com.amplify.testcases.VerifyPurchaseProcess"/>
</testsuite> <!-- com.amplify.testcases.VerifyPurchaseProcess -->
