<?xml version="1.0" encoding="UTF-8"?>
<!-- Generated by org.testng.reporters.JUnitReportReporter -->
<testsuite hostname="DESKTOP-LG32M8N" name="com.amplify.testcases.VerifyPurchaseProcess" tests="1" failures="0" timestamp="6 Sep 2020 16:50:45 GMT" time="65.204" errors="0">
  <testcase name="toverifyPurchaseProduct" time="65.204" classname="com.amplify.testcases.VerifyPurchaseProcess"/>
</testsuite> <!-- com.amplify.testcases.VerifyPurchaseProcess -->
